TN:
SF:src/Ownable.sol
FN:35,Ownable.
FNDA:17,Ownable.
DA:36,17
DA:38,17
FN:48,Ownable.transferOwnership
FNDA:3,Ownable.transferOwnership
DA:49,3
DA:50,3
FN:54,Ownable.acceptOwnership
FNDA:2,Ownable.acceptOwnership
DA:55,2
BRDA:55,0,0,1
DA:56,1
DA:57,1
DA:58,1
DA:59,1
FN:63,Ownable.cancelTransferOwnership
FNDA:1,Ownable.cancelTransferOwnership
DA:64,1
DA:65,1
FN:68,Ownable.onlyOwner
FNDA:5,Ownable.onlyOwner
DA:69,5
BRDA:69,1,0,2
FNF:5
FNH:5
LF:12
LH:12
BRF:2
BRH:2
end_of_record
TN:
SF:src/TaskRegistry.sol
FN:45,TaskRegistry.
FNDA:13,TaskRegistry.
DA:46,13
DA:47,13
FN:54,TaskRegistry.setAggregatorNode
FNDA:2,TaskRegistry.setAggregatorNode
DA:55,1
FN:58,TaskRegistry.setClientAppRegistry
FNDA:2,TaskRegistry.setClientAppRegistry
DA:59,1
FN:66,TaskRegistry.createTask
FNDA:8,TaskRegistry.createTask
DA:68,8
DA:71,8
BRDA:71,0,0,1
DA:72,7
DA:73,7
DA:74,7
FN:77,TaskRegistry.respondToTask
FNDA:8,TaskRegistry.respondToTask
DA:79,7
BRDA:79,1,0,1
DA:80,6
BRDA:80,2,0,1
DA:83,5
BRDA:83,3,0,1
DA:84,4
BRDA:84,4,0,1
DA:86,3
DA:87,3
FN:94,TaskRegistry.onlyAggregatorNode
FNDA:8,TaskRegistry.onlyAggregatorNode
DA:95,8
BRDA:95,5,0,1
FNF:6
FNH:6
LF:16
LH:16
BRF:6
BRH:6
end_of_record
TN:
SF:test/TestOwnable.t.sol
FN:10,MockOwnable.updateFlag
FNDA:3,MockOwnable.updateFlag
DA:11,2
FNF:1
FNH:1
LF:1
LH:1
BRF:0
BRH:0
end_of_record
