TN:
SF:src/ClientAppRegistry.sol
FN:36,ClientAppRegistry.
FNDA:20,ClientAppRegistry.
FN:42,ClientAppRegistry.registerClientApp
FNDA:19,ClientAppRegistry.registerClientApp
DA:43,1
BRDA:43,0,0,1
DA:44,17
DA:45,17
DA:46,17
FN:53,ClientAppRegistry.getClientAppMetadata
FNDA:2,ClientAppRegistry.getClientAppMetadata
DA:54,2
FNF:3
FNH:3
LF:5
LH:5
BRF:1
BRH:1
end_of_record
TN:
SF:src/Ownable.sol
FN:35,Ownable.
FNDA:44,Ownable.
DA:36,44
DA:38,44
FN:48,Ownable.transferOwnership
FNDA:3,Ownable.transferOwnership
DA:49,3
DA:50,3
FN:54,Ownable.acceptOwnership
FNDA:2,Ownable.acceptOwnership
DA:55,2
BRDA:55,0,0,1
DA:56,1
DA:57,1
DA:58,1
DA:59,1
FN:63,Ownable.cancelTransferOwnership
FNDA:1,Ownable.cancelTransferOwnership
DA:64,1
DA:65,1
FN:68,Ownable.onlyOwner
FNDA:24,Ownable.onlyOwner
DA:69,24
BRDA:69,1,0,3
FNF:5
FNH:5
LF:12
LH:12
BRF:2
BRH:2
end_of_record
TN:
SF:src/TaskRegistry.sol
FN:46,TaskRegistry.
FNDA:20,TaskRegistry.
DA:47,20
DA:48,20
FN:55,TaskRegistry.setAggregatorNode
FNDA:2,TaskRegistry.setAggregatorNode
DA:56,1
FN:59,TaskRegistry.setClientAppRegistry
FNDA:2,TaskRegistry.setClientAppRegistry
DA:60,1
FN:67,TaskRegistry.createTask
FNDA:9,TaskRegistry.createTask
DA:69,9
BRDA:69,0,0,1
DA:72,8
DA:75,8
BRDA:75,1,0,1
DA:76,7
DA:77,7
DA:78,7
FN:81,TaskRegistry.respondToTask
FNDA:8,TaskRegistry.respondToTask
DA:83,7
BRDA:83,2,0,2
DA:86,5
BRDA:86,3,0,2
DA:88,3
DA:89,3
FN:96,TaskRegistry.onlyAggregatorNode
FNDA:8,TaskRegistry.onlyAggregatorNode
DA:97,8
BRDA:97,4,0,1
FNF:6
FNH:6
LF:15
LH:15
BRF:5
BRH:5
end_of_record
TN:
SF:test/TestOwnable.t.sol
FN:10,MockOwnable.updateFlag
FNDA:3,MockOwnable.updateFlag
DA:11,2
FNF:1
FNH:1
LF:1
LH:1
BRF:0
BRH:0
end_of_record
